<?xml version="1.0" encoding="UTF-8"?>
<!-- Generated by org.testng.reporters.JUnitReportReporter -->
<testsuite skipped="0" hostname="DESKTOP-NCA0253" name="com.mail.qa.testcase.getStartedPageTest" tests="2" failures="0" timestamp="16 Jan 2022 07:44:16 GMT" time="43.194" errors="0">
  <testcase name="regionTextTest" time="22.324" classname="com.mail.qa.testcase.getStartedPageTest"/>
  <testcase name="fillForm" time="20.870" classname="com.mail.qa.testcase.getStartedPageTest"/>
</testsuite> <!-- com.mail.qa.testcase.getStartedPageTest -->
