<?xml version="1.0" encoding="UTF-8"?>
<!-- Generated by org.testng.reporters.JUnitReportReporter -->
<testsuite skipped="0" hostname="DESKTOP-NCA0253" name="com.mail.qa.testcase.createAccountPageTest" tests="3" failures="0" timestamp="16 Jan 2022 07:44:16 GMT" time="31.668" errors="0">
  <testcase name="fillFormTest" time="10.946" classname="com.mail.qa.testcase.createAccountPageTest"/>
  <testcase name="fillFormTest" time="10.034" classname="com.mail.qa.testcase.createAccountPageTest"/>
  <testcase name="fillFormTest" time="10.688" classname="com.mail.qa.testcase.createAccountPageTest"/>
</testsuite> <!-- com.mail.qa.testcase.createAccountPageTest -->
