<?xml version="1.0" encoding="UTF-8"?>
<!-- Generated by org.testng.reporters.JUnitReportReporter -->
<testsuite skipped="0" hostname="DESKTOP-NCA0253" name="com.mail.qa.testcase.forWorkPageTest" tests="2" failures="0" timestamp="16 Jan 2022 07:44:16 GMT" time="30.222" errors="0">
  <testcase name="getStartedClickTest" time="19.133" classname="com.mail.qa.testcase.forWorkPageTest"/>
  <testcase name="adminTextTest" time="11.089" classname="com.mail.qa.testcase.forWorkPageTest"/>
</testsuite> <!-- com.mail.qa.testcase.forWorkPageTest -->
