<?xml version="1.0" encoding="UTF-8"?>
<!-- Generated by org.testng.reporters.JUnitReportReporter -->
<testsuite skipped="0" hostname="DESKTOP-NCA0253" name="com.mail.qa.testcase.gmailHomePageTest" tests="4" failures="0" timestamp="16 Jan 2022 07:44:16 GMT" time="43.082" errors="0">
  <testcase name="featureTitleTextTest" time="6.316" classname="com.mail.qa.testcase.gmailHomePageTest"/>
  <testcase name="createAccountBtnClick" time="13.985" classname="com.mail.qa.testcase.gmailHomePageTest"/>
  <testcase name="signInBtnClickTest" time="11.302" classname="com.mail.qa.testcase.gmailHomePageTest"/>
  <testcase name="forWorkBtnClickTest" time="11.479" classname="com.mail.qa.testcase.gmailHomePageTest"/>
</testsuite> <!-- com.mail.qa.testcase.gmailHomePageTest -->
