<?xml version="1.0" encoding="UTF-8"?>
<!-- Generated by org.testng.reporters.JUnitReportReporter -->
<testsuite skipped="0" hostname="DESKTOP-NCA0253" name="com.mail.qa.testcase.forWorkPageTest" tests="2" failures="0" timestamp="2022-01-16T13:58:44 IST" time="35.084" errors="0">
  <testcase name="getStartedClickTest" time="22.738" classname="com.mail.qa.testcase.forWorkPageTest"/>
  <system-out/>
  <testcase name="adminTextTest" time="12.346" classname="com.mail.qa.testcase.forWorkPageTest"/>
  <system-out/>
</testsuite> <!-- com.mail.qa.testcase.forWorkPageTest -->
