<?xml version="1.0" encoding="UTF-8"?>
<!-- Generated by org.testng.reporters.JUnitReportReporter -->
<testsuite skipped="0" hostname="DESKTOP-NCA0253" name="com.mail.qa.testcase.createAccountPageTest" tests="3" failures="0" timestamp="2022-01-16T13:58:44 IST" time="58.706" errors="0">
  <testcase name="fillFormTest" time="18.972" classname="com.mail.qa.testcase.createAccountPageTest"/>
  <system-out/>
  <testcase name="fillFormTest" time="17.098" classname="com.mail.qa.testcase.createAccountPageTest"/>
  <system-out/>
  <testcase name="fillFormTest" time="22.636" classname="com.mail.qa.testcase.createAccountPageTest"/>
  <system-out/>
</testsuite> <!-- com.mail.qa.testcase.createAccountPageTest -->
