<?xml version="1.0" encoding="UTF-8"?>
<!-- Generated by org.testng.reporters.JUnitReportReporter -->
<testsuite skipped="0" hostname="DESKTOP-NCA0253" name="com.mail.qa.testcase.getStartedPageTest" tests="2" failures="0" timestamp="2022-01-16T13:58:44 IST" time="54.914" errors="0">
  <testcase name="regionTextTest" time="24.774" classname="com.mail.qa.testcase.getStartedPageTest"/>
  <system-out/>
  <testcase name="fillForm" time="30.140" classname="com.mail.qa.testcase.getStartedPageTest"/>
  <system-out/>
</testsuite> <!-- com.mail.qa.testcase.getStartedPageTest -->
