<?xml version="1.0" encoding="UTF-8"?>
<!-- Generated by org.testng.reporters.JUnitReportReporter -->
<testsuite skipped="0" hostname="DESKTOP-NCA0253" name="com.mail.qa.testcase.gmailHomePageTest" tests="4" failures="0" timestamp="2022-01-16T13:58:44 IST" time="50.866" errors="0">
  <testcase name="signInBtnClickTest" time="13.014" classname="com.mail.qa.testcase.gmailHomePageTest"/>
  <system-out/>
  <testcase name="createAccountBtnClick" time="12.349" classname="com.mail.qa.testcase.gmailHomePageTest"/>
  <system-out/>
  <testcase name="featureTitleTextTest" time="11.321" classname="com.mail.qa.testcase.gmailHomePageTest"/>
  <system-out/>
  <testcase name="forWorkBtnClickTest" time="14.182" classname="com.mail.qa.testcase.gmailHomePageTest"/>
  <system-out/>
</testsuite> <!-- com.mail.qa.testcase.gmailHomePageTest -->
